<?xml version="1.0" encoding="UTF-8"?>
<!-- Generated by org.testng.reporters.JUnitReportReporter -->
<testsuite skipped="0" hostname="LAPTOP-TIQI5IPF" name="com.wipro.willhills.testcripts.BettingPageTest" tests="2" failures="0" timestamp="18 May 2021 11:34:14 GMT" time="30.588" errors="0">
  <testcase name="numberOfLiveGamesPresentIsEqualToHeaderPresent" time="13.241" classname="com.wipro.willhills.testcripts.BettingPageTest"/>
  <testcase name="testLoginFunctionalityForBettingPage" time="17.347" classname="com.wipro.willhills.testcripts.BettingPageTest"/>
</testsuite> <!-- com.wipro.willhills.testcripts.BettingPageTest -->
